proguard/seeds.txt
me.planetguy.robots.BuildConfig
me.planetguy.robots.BuildConfig: boolean DEBUG
me.planetguy.robots.BuildConfig: BuildConfig()
me.planetguy.robots.R
me.planetguy.robots.R: R()
me.planetguy.robots.R$anim
me.planetguy.robots.R$anim: int move
me.planetguy.robots.R$anim: R$anim()
me.planetguy.robots.R$attr
me.planetguy.robots.R$attr: R$attr()
me.planetguy.robots.R$dimen
me.planetguy.robots.R$dimen: int activity_horizontal_margin
me.planetguy.robots.R$dimen: int activity_vertical_margin
me.planetguy.robots.R$dimen: R$dimen()
me.planetguy.robots.R$drawable
me.planetguy.robots.R$drawable: int ground
me.planetguy.robots.R$drawable: int hq_blue_noshields
me.planetguy.robots.R$drawable: int hq_blue_shields
me.planetguy.robots.R$drawable: int hq_empty_noshields
me.planetguy.robots.R$drawable: int hq_red_noshields
me.planetguy.robots.R$drawable: int hq_red_shields
me.planetguy.robots.R$drawable: int ic_launcher
me.planetguy.robots.R$drawable: int lava
me.planetguy.robots.R$drawable: int ore
me.planetguy.robots.R$drawable: int play_button
me.planetguy.robots.R$drawable: int robot_blue_east
me.planetguy.robots.R$drawable: int robot_blue_north
me.planetguy.robots.R$drawable: int robot_blue_south
me.planetguy.robots.R$drawable: int robot_blue_west
me.planetguy.robots.R$drawable: int robot_red_east
me.planetguy.robots.R$drawable: int robot_red_north
me.planetguy.robots.R$drawable: int robot_red_south
me.planetguy.robots.R$drawable: int robot_red_west
me.planetguy.robots.R$drawable: int rock
me.planetguy.robots.R$drawable: R$drawable()
me.planetguy.robots.R$id
me.planetguy.robots.R$id: int action_settings
me.planetguy.robots.R$id: int background
me.planetguy.robots.R$id: int button1
me.planetguy.robots.R$id: int buttonCode
me.planetguy.robots.R$id: int buttonDocs
me.planetguy.robots.R$id: int buttonLog
me.planetguy.robots.R$id: int buttonMemory
me.planetguy.robots.R$id: int contact
me.planetguy.robots.R$id: int ideWindow
me.planetguy.robots.R$id: int play
me.planetguy.robots.R$id: int save
me.planetguy.robots.R$id: int space1
me.planetguy.robots.R$id: int textView1
me.planetguy.robots.R$id: int textView2
me.planetguy.robots.R$id: int titleWindow
me.planetguy.robots.R$id: int win_textbox
me.planetguy.robots.R$id: R$id()
me.planetguy.robots.R$layout
me.planetguy.robots.R$layout: int activity_grid
me.planetguy.robots.R$layout: int activity_ide
me.planetguy.robots.R$layout: int activity_main
me.planetguy.robots.R$layout: int activity_won
me.planetguy.robots.R$layout: R$layout()
me.planetguy.robots.R$menu
me.planetguy.robots.R$menu: int main
me.planetguy.robots.R$menu: R$menu()
me.planetguy.robots.R$string
me.planetguy.robots.R$string: int action_settings
me.planetguy.robots.R$string: int app_name
me.planetguy.robots.R$string: int code
me.planetguy.robots.R$string: int defaultTitle
me.planetguy.robots.R$string: int docs
me.planetguy.robots.R$string: int hello_world
me.planetguy.robots.R$string: int infoline1
me.planetguy.robots.R$string: int infoline2
me.planetguy.robots.R$string: int large_text
me.planetguy.robots.R$string: int leaveIde
me.planetguy.robots.R$string: int log
me.planetguy.robots.R$string: int manual
me.planetguy.robots.R$string: int memory
me.planetguy.robots.R$string: int script
me.planetguy.robots.R$string: int upload
me.planetguy.robots.R$string: R$string()
me.planetguy.robots.R$style
me.planetguy.robots.R$style: int AppBaseTheme
me.planetguy.robots.R$style: int AppTheme
me.planetguy.robots.R$style: R$style()
me.planetguy.robots.Robots
me.planetguy.robots.Robots: com.google.common.eventbus.EventBus EVENT_BUS
me.planetguy.robots.Robots: me.planetguy.robots.world.World world
me.planetguy.robots.Robots: int iconSize
me.planetguy.robots.Robots: me.planetguy.robots.ide.IDEActivity currentIDE
me.planetguy.robots.Robots: void <clinit>()
me.planetguy.robots.Robots: Robots()
...
com.google.common.cache.RemovalCause: com.google.common.cache.RemovalCause[] values()
com.google.common.cache.RemovalCause: com.google.common.cache.RemovalCause valueOf(java.lang.String)
com.google.common.collect.AbstractIterator$State: com.google.common.collect.AbstractIterator$State[] values()
com.google.common.collect.AbstractIterator$State: com.google.common.collect.AbstractIterator$State valueOf(java.lang.String)
com.google.common.collect.BoundType: com.google.common.collect.BoundType[] values()
com.google.common.collect.BoundType: com.google.common.collect.BoundType valueOf(java.lang.String)
com.google.common.collect.GenericMapMaker$NullListener: com.google.common.collect.GenericMapMaker$NullListener[] values()
com.google.common.collect.GenericMapMaker$NullListener: com.google.common.collect.GenericMapMaker$NullListener valueOf(java.lang.String)
com.google.common.collect.Interners$WeakInterner$Dummy: com.google.common.collect.Interners$WeakInterner$Dummy[] values()
com.google.common.collect.Interners$WeakInterner$Dummy: com.google.common.collect.Interners$WeakInterner$Dummy valueOf(java.lang.String)
com.google.common.collect.MapConstraints$NotNullMapConstraint: com.google.common.collect.MapConstraints$NotNullMapConstraint[] values()
com.google.common.collect.MapConstraints$NotNullMapConstraint: com.google.common.collect.MapConstraints$NotNullMapConstraint valueOf(java.lang.String)
com.google.common.collect.MapMaker$RemovalCause: com.google.common.collect.MapMaker$RemovalCause[] values()
com.google.common.collect.MapMaker$RemovalCause: com.google.common.collect.MapMaker$RemovalCause valueOf(java.lang.String)
com.google.common.collect.MapMakerInternalMap$EntryFactory: com.google.common.collect.MapMakerInternalMap$EntryFactory[] values()
com.google.common.collect.MapMakerInternalMap$EntryFactory: com.google.common.collect.MapMakerInternalMap$EntryFactory valueOf(java.lang.String)
com.google.common.collect.MapMakerInternalMap$NullEntry: com.google.common.collect.MapMakerInternalMap$NullEntry[] values()
com.google.common.collect.MapMakerInternalMap$NullEntry: com.google.common.collect.MapMakerInternalMap$NullEntry valueOf(java.lang.String)
com.google.common.collect.MapMakerInternalMap$Strength: com.google.common.collect.MapMakerInternalMap$Strength[] values()
com.google.common.collect.MapMakerInternalMap$Strength: com.google.common.collect.MapMakerInternalMap$Strength valueOf(java.lang.String)
com.google.common.collect.Maps$EntryFunction: com.google.common.collect.Maps$EntryFunction[] values()
com.google.common.collect.Maps$EntryFunction: com.google.common.collect.Maps$EntryFunction valueOf(java.lang.String)
com.google.common.collect.MultimapBuilder$LinkedListSupplier: com.google.common.collect.MultimapBuilder$LinkedListSupplier[] values()
com.google.common.collect.MultimapBuilder$LinkedListSupplier: com.google.common.collect.MultimapBuilder$LinkedListSupplier valueOf(java.lang.String)
com.google.common.collect.SortedLists$KeyAbsentBehavior: com.google.common.collect.SortedLists$KeyAbsentBehavior[] values()
com.google.common.collect.SortedLists$KeyAbsentBehavior: com.google.common.collect.SortedLists$KeyAbsentBehavior valueOf(java.lang.String)
com.google.common.collect.SortedLists$KeyPresentBehavior: com.google.common.collect.SortedLists$KeyPresentBehavior[] values()
com.google.common.collect.SortedLists$KeyPresentBehavior: com.google.common.collect.SortedLists$KeyPresentBehavior valueOf(java.lang.String)
com.google.common.collect.TreeMultiset$Aggregate: com.google.common.collect.TreeMultiset$Aggregate[] values()
com.google.common.collect.TreeMultiset$Aggregate: com.google.common.collect.TreeMultiset$Aggregate valueOf(java.lang.String)
com.google.common.hash.BloomFilterStrategies: com.google.common.hash.BloomFilterStrategies[] values()
com.google.common.hash.BloomFilterStrategies: com.google.common.hash.BloomFilterStrategies valueOf(java.lang.String)