proguard/mapping.txt
me.planetguy.robots.BuildConfig -> me.planetguy.robots.BuildConfig:
    boolean DEBUG -> DEBUG
me.planetguy.robots.R -> me.planetguy.robots.R:
me.planetguy.robots.R$anim -> me.planetguy.robots.R$anim:
    int move -> move
me.planetguy.robots.R$attr -> me.planetguy.robots.R$attr:
me.planetguy.robots.R$dimen -> me.planetguy.robots.R$dimen:
    int activity_horizontal_margin -> activity_horizontal_margin
    int activity_vertical_margin -> activity_vertical_margin
me.planetguy.robots.R$drawable -> me.planetguy.robots.R$drawable:
    int ground -> ground
    int hq_blue_noshields -> hq_blue_noshields
    int hq_blue_shields -> hq_blue_shields
    int hq_empty_noshields -> hq_empty_noshields
    int hq_red_noshields -> hq_red_noshields
    int hq_red_shields -> hq_red_shields
    int ic_launcher -> ic_launcher
    int lava -> lava
    int ore -> ore
    int play_button -> play_button
    int robot_blue_east -> robot_blue_east
    int robot_blue_north -> robot_blue_north
    int robot_blue_south -> robot_blue_south
    int robot_blue_west -> robot_blue_west
    int robot_red_east -> robot_red_east
    int robot_red_north -> robot_red_north
    int robot_red_south -> robot_red_south
    int robot_red_west -> robot_red_west
    int rock -> rock
me.planetguy.robots.R$id -> me.planetguy.robots.R$id:
    int action_settings -> action_settings
    int background -> background
    int button1 -> button1
    int buttonCode -> buttonCode
    int buttonDocs -> buttonDocs
    int buttonLog -> buttonLog
    int buttonMemory -> buttonMemory
    int contact -> contact
    int ideWindow -> ideWindow
    int play -> play
    int save -> save
    int space1 -> space1
    int textView1 -> textView1
    int textView2 -> textView2
    int titleWindow -> titleWindow
    int win_textbox -> win_textbox
me.planetguy.robots.R$layout -> me.planetguy.robots.R$layout:
    int activity_grid -> activity_grid
    int activity_ide -> activity_ide
    int activity_main -> activity_main
    int activity_won -> activity_won
me.planetguy.robots.R$menu -> me.planetguy.robots.R$menu:
    int main -> main
me.planetguy.robots.R$string -> me.planetguy.robots.R$string:
    int action_settings -> action_settings
    int app_name -> app_name
    int code -> code
    int defaultTitle -> defaultTitle
    int docs -> docs
    int hello_world -> hello_world
    int infoline1 -> infoline1
    int infoline2 -> infoline2
    int large_text -> large_text
    int leaveIde -> leaveIde
    int log -> log
    int manual -> manual
    int memory -> memory
    int script -> script
    int upload -> upload
me.planetguy.robots.R$style -> me.planetguy.robots.R$style:
    int AppBaseTheme -> AppBaseTheme
    int AppTheme -> AppTheme
me.planetguy.robots.Robots -> me.planetguy.robots.Robots:
    com.google.common.eventbus.EventBus EVENT_BUS -> EVENT_BUS
    me.planetguy.robots.world.World world -> world
    int iconSize -> iconSize
    me.planetguy.robots.ide.IDEActivity currentIDE -> currentIDE
me.planetguy.robots.TitleScreen -> me.planetguy.robots.TitleScreen:
    void onCreate(android.os.Bundle) -> onCreate
    boolean onCreateOptionsMenu(android.view.Menu) -> onCreateOptionsMenu
    void onStart() -> onStart
    void onClickStartGame(android.view.View) -> onClickStartGame
...
com.google.common.cache.LocalCache$ValueReference -> a.a.a.b.bc:
    java.lang.Object get() -> get
    java.lang.Object waitForValue() -> e
    int getWeight() -> a
    com.google.common.cache.LocalCache$ReferenceEntry getEntry() -> b
    com.google.common.cache.LocalCache$ValueReference copyFor(java.lang.ref.ReferenceQueue,java.lang.Object,com.google.common.cache.LocalCache$ReferenceEntry) -> a
    void notifyNewValue(java.lang.Object) -> a
    boolean isLoading() -> c
    boolean isActive() -> d
com.google.common.cache.LocalCache$Values -> a.a.a.b.bd:
    java.util.concurrent.ConcurrentMap map -> b
    com.google.common.cache.LocalCache this$0 -> a
    int size() -> size
    boolean isEmpty() -> isEmpty
    void clear() -> clear
    java.util.Iterator iterator() -> iterator
    boolean contains(java.lang.Object) -> contains
com.google.common.cache.LocalCache$WeakAccessEntry -> a.a.a.b.be:
    long accessTime -> a
    com.google.common.cache.LocalCache$ReferenceEntry nextAccess -> b
    com.google.common.cache.LocalCache$ReferenceEntry previousAccess -> c
    long getAccessTime() -> e
    void setAccessTime(long) -> a
    com.google.common.cache.LocalCache$ReferenceEntry getNextInAccessQueue() -> f
    void setNextInAccessQueue(com.google.common.cache.LocalCache$ReferenceEntry) -> a
    com.google.common.cache.LocalCache$ReferenceEntry getPreviousInAccessQueue() -> g
    void setPreviousInAccessQueue(com.google.common.cache.LocalCache$ReferenceEntry) -> b
com.google.common.cache.LocalCache$WeakAccessWriteEntry -> a.a.a.b.bf:
    long accessTime -> a
    com.google.common.cache.LocalCache$ReferenceEntry nextAccess -> b
    com.google.common.cache.LocalCache$ReferenceEntry previousAccess -> c
    long writeTime -> d
    com.google.common.cache.LocalCache$ReferenceEntry nextWrite -> e
    com.google.common.cache.LocalCache$ReferenceEntry previousWrite -> f
    long getAccessTime() -> e
    void setAccessTime(long) -> a
    com.google.common.cache.LocalCache$ReferenceEntry getNextInAccessQueue() -> f
    void setNextInAccessQueue(com.google.common.cache.LocalCache$ReferenceEntry) -> a
    com.google.common.cache.LocalCache$ReferenceEntry getPreviousInAccessQueue() -> g
    void setPreviousInAccessQueue(com.google.common.cache.LocalCache$ReferenceEntry) -> b
    long getWriteTime() -> h
    void setWriteTime(long) -> b
    com.google.common.cache.LocalCache$ReferenceEntry getNextInWriteQueue() -> i
    void setNextInWriteQueue(com.google.common.cache.LocalCache$ReferenceEntry) -> c
    com.google.common.cache.LocalCache$ReferenceEntry getPreviousInWriteQueue() -> j
    void setPreviousInWriteQueue(com.google.common.cache.LocalCache$ReferenceEntry) -> d