proguard/usage.txt
com.google.common.io.GwtWorkarounds
com.google.common.io.GwtWorkarounds$1
com.google.common.io.GwtWorkarounds$2
com.google.common.io.GwtWorkarounds$3
com.google.common.io.GwtWorkarounds$4
com.google.common.io.GwtWorkarounds$5
com.google.common.io.GwtWorkarounds$6
com.google.common.io.GwtWorkarounds$ByteInput
com.google.common.io.GwtWorkarounds$ByteOutput
com.google.common.io.GwtWorkarounds$CharInput
com.google.common.io.GwtWorkarounds$CharOutput
com.google.common.io.InputSupplier
com.google.common.io.LineBuffer
com.google.common.io.LineProcessor
com.google.common.io.LineReader
com.google.common.io.LineReader$1
com.google.common.io.LittleEndianDataInputStream
com.google.common.io.LittleEndianDataOutputStream
com.google.common.io.MultiInputStream
com.google.common.io.MultiReader
com.google.common.io.OutputSupplier
com.google.common.io.PatternFilenameFilter
com.google.common.io.Resources
com.google.common.io.Resources$1
com.google.common.io.Resources$UrlByteSource
com.google.common.io.package-info
com.google.common.math.BigIntegerMath
com.google.common.math.BigIntegerMath$1
com.google.common.math.DoubleMath
com.google.common.math.DoubleMath$1
com.google.common.math.DoubleMath$MeanAccumulator
com.google.common.math.DoubleUtils
com.google.common.math.IntMath
com.google.common.math.IntMath$1
com.google.common.math.LongMath
com.google.common.math.LongMath$1
com.google.common.math.MathPreconditions
com.google.common.math.package-info
com.google.common.net.HostAndPort
com.google.common.net.HostSpecifier
com.google.common.net.HttpHeaders
com.google.common.net.InetAddresses
com.google.common.net.InetAddresses$TeredoInfo
com.google.common.net.InternetDomainName
com.google.common.net.MediaType
com.google.common.net.MediaType$1
com.google.common.net.MediaType$2
com.google.common.net.MediaType$Tokenizer
com.google.common.net.PercentEscaper
com.google.common.net.UrlEscapers
com.google.common.net.package-info
com.google.common.primitives.AndroidInteger
com.google.common.primitives.Booleans
com.google.common.primitives.Booleans$BooleanArrayAsList
com.google.common.primitives.Booleans$LexicographicalComparator
com.google.common.primitives.Bytes
com.google.common.primitives.Bytes$ByteArrayAsList
com.google.common.primitives.Chars
com.google.common.primitives.Chars$CharArrayAsList
com.google.common.primitives.Chars$LexicographicalComparator
com.google.common.primitives.Doubles
com.google.common.primitives.Doubles$DoubleArrayAsList
com.google.common.primitives.Doubles$DoubleConverter
com.google.common.primitives.Doubles$LexicographicalComparator
com.google.common.primitives.Floats
com.google.common.primitives.Floats$FloatArrayAsList
com.google.common.primitives.Floats$FloatConverter
com.google.common.primitives.Floats$LexicographicalComparator